[    0.000000] Initializing cgroup subsys cpuset
[    0.000000] Initializing cgroup subsys cpu
[    0.000000] Initializing cgroup subsys cpuacct
[    0.000000] Linux version 4.4.0-146-generic (buildd@lcy01-amd64-025) (gcc version 5.4.0 20160609 (Ubuntu 5.4.0-6ubuntu1~16.04.10) ) #172-Ubuntu SMP Wed Apr 3 09:00:08 UTC 2019 (Ubuntu 4.4.0-146.172-generic 4.4.177)
[    0.000000] Command line: BOOT_IMAGE=/boot/vmlinuz-4.4.0-146-generic root=LABEL=cloudimg-rootfs ro console=tty1 console=ttyS0
[    0.000000] KERNEL supported cpus:
[    0.000000]   Intel GenuineIntel
[    0.000000]   AMD AuthenticAMD
[    0.000000]   Centaur CentaurHauls
[    0.000000] x86/fpu: xstate_offset[2]:  576, xstate_sizes[2]:  256
[    0.000000] x86/fpu: Supporting XSAVE feature 0x01: 'x87 floating point registers'
[    0.000000] x86/fpu: Supporting XSAVE feature 0x02: 'SSE registers'
[    0.000000] x86/fpu: Supporting XSAVE feature 0x04: 'AVX registers'
[    0.000000] x86/fpu: Enabled xstate features 0x7, context size is 832 bytes, using 'standard' format.
[    0.000000] e820: BIOS-provided physical RAM map:
[    0.000000] BIOS-e820: [mem 0x0000000000000000-0x000000000009fbff] usable
[    0.000000] BIOS-e820: [mem 0x000000000009fc00-0x000000000009ffff] reserved
[    0.000000] BIOS-e820: [mem 0x00000000000f0000-0x00000000000fffff] reserved
[    0.000000] BIOS-e820: [mem 0x0000000000100000-0x000000007ffeffff] usable
[    0.000000] BIOS-e820: [mem 0x000000007fff0000-0x000000007fffffff] ACPI data
[    0.000000] BIOS-e820: [mem 0x00000000fec00000-0x00000000fec00fff] reserved
[    0.000000] BIOS-e820: [mem 0x00000000fee00000-0x00000000fee00fff] reserved
[    0.000000] BIOS-e820: [mem 0x00000000fffc0000-0x00000000ffffffff] reserved
[    0.000000] NX (Execute Disable) protection: active
[    0.000000] SMBIOS 2.5 present.
[    0.000000] Hypervisor detected: KVM
[    0.000000] e820: last_pfn = 0x7fff0 max_arch_pfn = 0x400000000
[    0.000000] MTRR: Disabled
[    0.000000] x86/PAT: MTRRs disabled, skipping PAT initialization too.
[    0.000000] CPU MTRRs all blank - virtualized system.
[    0.000000] x86/PAT: Configuration [0-7]: WB  WT  UC- UC  WB  WT  UC- UC  
[    0.000000] found SMP MP-table at [mem 0x0009fff0-0x0009ffff] mapped at [ffff88000009fff0]
[    0.000000] Scanning 1 areas for low memory corruption
[    0.000000] RAMDISK: [mem 0x362fa000-0x37174fff]
[    0.000000] ACPI: Early table checksum verification disabled
[    0.000000] ACPI: RSDP 0x00000000000E0000 000024 (v02 VBOX  )
[    0.000000] ACPI: XSDT 0x000000007FFF0030 00003C (v01 VBOX   VBOXXSDT 00000001 ASL  00000061)
[    0.000000] ACPI: FACP 0x000000007FFF00F0 0000F4 (v04 VBOX   VBOXFACP 00000001 ASL  00000061)
[    0.000000] ACPI: DSDT 0x000000007FFF0470 0022EA (v02 VBOX   VBOXBIOS 00000002 INTL 20180105)
[    0.000000] ACPI: FACS 0x000000007FFF0200 000040
[    0.000000] ACPI: FACS 0x000000007FFF0200 000040
[    0.000000] ACPI: APIC 0x000000007FFF0240 00005C (v02 VBOX   VBOXAPIC 00000001 ASL  00000061)
[    0.000000] ACPI: SSDT 0x000000007FFF02A0 0001CC (v01 VBOX   VBOXCPUT 00000002 INTL 20180105)
[    0.000000] No NUMA configuration found
[    0.000000] Faking a node at [mem 0x0000000000000000-0x000000007ffeffff]
[    0.000000] NODE_DATA(0) allocated [mem 0x7ffeb000-0x7ffeffff]
[    0.000000] kvm-clock: Using msrs 4b564d01 and 4b564d00
[    0.000000] kvm-clock: cpu 0, msr 0:7ffe3001, primary cpu clock
[    0.000000] kvm-clock: using sched offset of 3496133511 cycles
[    0.000000] clocksource: kvm-clock: mask: 0xffffffffffffffff max_cycles: 0x1cd42e4dffb, max_idle_ns: 881590591483 ns
[    0.000000] Zone ranges:
[    0.000000]   DMA      [mem 0x0000000000001000-0x0000000000ffffff]
[    0.000000]   DMA32    [mem 0x0000000001000000-0x000000007ffeffff]
[    0.000000]   Normal   empty
[    0.000000]   Device   empty
[    0.000000] Movable zone start for each node
[    0.000000] Early memory node ranges
[    0.000000]   node   0: [mem 0x0000000000001000-0x000000000009efff]
[    0.000000]   node   0: [mem 0x0000000000100000-0x000000007ffeffff]
[    0.000000] Initmem setup node 0 [mem 0x0000000000001000-0x000000007ffeffff]
[    0.000000] ACPI: PM-Timer IO Port: 0x4008
[    0.000000] IOAPIC[0]: apic_id 2, version 32, address 0xfec00000, GSI 0-23
[    0.000000] ACPI: INT_SRC_OVR (bus 0 bus_irq 0 global_irq 2 dfl dfl)
[    0.000000] ACPI: INT_SRC_OVR (bus 0 bus_irq 9 global_irq 9 low level)
[    0.000000] Using ACPI (MADT) for SMP configuration information
[    0.000000] smpboot: Allowing 2 CPUs, 0 hotplug CPUs
[    0.000000] PM: Registered nosave memory: [mem 0x00000000-0x00000fff]
[    0.000000] PM: Registered nosave memory: [mem 0x0009f000-0x0009ffff]
[    0.000000] PM: Registered nosave memory: [mem 0x000a0000-0x000effff]
[    0.000000] PM: Registered nosave memory: [mem 0x000f0000-0x000fffff]
[    0.000000] e820: [mem 0x80000000-0xfebfffff] available for PCI devices
[    0.000000] Booting paravirtualized kernel on KVM
[    0.000000] clocksource: refined-jiffies: mask: 0xffffffff max_cycles: 0xffffffff, max_idle_ns: 7645519600211568 ns
[    0.000000] setup_percpu: NR_CPUS:512 nr_cpumask_bits:512 nr_cpu_ids:2 nr_node_ids:1
[    0.000000] PERCPU: Embedded 34 pages/cpu @ffff88007fc00000 s99480 r8192 d31592 u1048576
[    0.000000] Built 1 zonelists in Node order, mobility grouping on.  Total pages: 515960
[    0.000000] Policy zone: DMA32
[    0.000000] Kernel command line: BOOT_IMAGE=/boot/vmlinuz-4.4.0-146-generic root=LABEL=cloudimg-rootfs ro console=tty1 console=ttyS0
[    0.000000] PID hash table entries: 4096 (order: 3, 32768 bytes)
[    0.000000] Memory: 2029924K/2096696K available (8609K kernel code, 1334K rwdata, 4028K rodata, 1484K init, 1284K bss, 66772K reserved, 0K cma-reserved)
[    0.000000] SLUB: HWalign=64, Order=0-3, MinObjects=0, CPUs=2, Nodes=1
[    0.000000] Kernel/User page tables isolation: enabled
[    0.000000] Hierarchical RCU implementation.
[    0.000000] 	Build-time adjustment of leaf fanout to 64.
[    0.000000] 	RCU restricting CPUs from NR_CPUS=512 to nr_cpu_ids=2.
[    0.000000] RCU: Adjusting geometry for rcu_fanout_leaf=64, nr_cpu_ids=2
[    0.000000] NR_IRQS:33024 nr_irqs:440 16
[    0.000000] Console: colour VGA+ 80x25
[    0.000000] console [tty1] enabled
[    0.000000] console [ttyS0] enabled
[    0.000000] tsc: Detected 2991.418 MHz processor
[    0.148905] Calibrating delay loop (skipped) preset value.. 5982.83 BogoMIPS (lpj=11965672)
[    0.150698] pid_max: default: 32768 minimum: 301
[    0.151625] ACPI: Core revision 20150930
[    0.153366] ACPI: 2 ACPI AML tables successfully acquired and loaded
[    0.154702] Security Framework initialized
[    0.155567] Yama: becoming mindful.
[    0.156366] AppArmor: AppArmor initialized
[    0.157746] Dentry cache hash table entries: 262144 (order: 9, 2097152 bytes)
[    0.159435] Inode-cache hash table entries: 131072 (order: 8, 1048576 bytes)
[    0.161360] Mount-cache hash table entries: 4096 (order: 3, 32768 bytes)
[    0.162583] Mountpoint-cache hash table entries: 4096 (order: 3, 32768 bytes)
[    0.164044] Initializing cgroup subsys io
[    0.164938] Initializing cgroup subsys memory
[    0.165833] Initializing cgroup subsys devices
[    0.166788] Initializing cgroup subsys freezer
[    0.167691] Initializing cgroup subsys net_cls
[    0.168625] Initializing cgroup subsys perf_event
[    0.169560] Initializing cgroup subsys net_prio
[    0.170475] Initializing cgroup subsys hugetlb
[    0.171397] Initializing cgroup subsys pids
[    0.172642] mce: CPU supports 0 MCE banks
[    0.173558] Last level iTLB entries: 4KB 512, 2MB 8, 4MB 8
[    0.174604] Last level dTLB entries: 4KB 512, 2MB 32, 4MB 32, 1GB 0
[    0.175822] Spectre V2 : Mitigation: Full generic retpoline
[    0.176898] Spectre V2 : Spectre v2 / SpectreRSB mitigation: Filling RSB on context switch
[    0.178536] Speculative Store Bypass: Vulnerable
[    0.182473] Freeing SMP alternatives memory: 36K
[    0.189847] ftrace: allocating 32287 entries in 127 pages
[    0.251417] smpboot: APIC(0) Converting physical 0 to logical package 0
[    0.252771] smpboot: Max logical packages: 1
[    0.253942] x2apic enabled
[    0.254890] Switched APIC routing to physical x2apic.
[    0.257108] ..TIMER: vector=0x30 apic1=0 pin1=2 apic2=-1 pin2=-1
[    0.364578] smpboot: CPU0: Intel(R) Core(TM) i5-3330 CPU @ 3.00GHz (family: 0x6, model: 0x3a, stepping: 0x9)
[    0.366851] Performance Events: unsupported p6 CPU model 58 no PMU driver, software events only.
[    0.379538] KVM setup paravirtual spinlock
[    0.381598] x86: Booting SMP configuration:
[    0.382545] .... node  #0, CPUs:      #1
[    0.383528] kvm-clock: cpu 1, msr 0:7ffe3041, secondary cpu clock
[    0.384734] mce: CPU supports 0 MCE banks
[    0.387287] x86: Booted up 1 node, 2 CPUs
[    0.388358] smpboot: Total of 2 processors activated (11965.67 BogoMIPS)
[    0.390041] devtmpfs: initialized
[    0.392672] evm: security.selinux
[    0.393476] evm: security.SMACK64
[    0.394224] evm: security.SMACK64EXEC
[    0.395105] evm: security.SMACK64TRANSMUTE
[    0.395966] evm: security.SMACK64MMAP
[    0.396776] evm: security.ima
[    0.397515] evm: security.capability
[    0.398481] clocksource: jiffies: mask: 0xffffffff max_cycles: 0xffffffff, max_idle_ns: 7645041785100000 ns
[    0.400421] futex hash table entries: 512 (order: 3, 32768 bytes)
[    0.401820] pinctrl core: initialized pinctrl subsystem
[    0.403032] RTC time:  7:09:35, date: 05/21/19
[    0.404162] NET: Registered protocol family 16
[    0.416313] cpuidle: using governor ladder
[    0.428481] cpuidle: using governor menu
[    0.429642] PCCT header not found.
[    0.430727] ACPI: bus type PCI registered
[    0.432094] acpiphp: ACPI Hot Plug PCI Controller Driver version: 0.5
[    0.434237] PCI: Using configuration type 1 for base access
[    0.449879] ACPI: Added _OSI(Module Device)
[    0.451485] ACPI: Added _OSI(Processor Device)
[    0.453142] ACPI: Added _OSI(3.0 _SCP Extensions)
[    0.454863] ACPI: Added _OSI(Processor Aggregator Device)
[    0.458019] ACPI: Executed 1 blocks of module-level executable AML code
[    0.461747] ACPI: Interpreter enabled
[    0.462568] ACPI: (supports S0 S5)
[    0.463346] ACPI: Using IOAPIC for interrupt routing
[    0.464512] PCI: Using host bridge windows from ACPI; if necessary, use "pci=nocrs" and report a bug
[    0.470020] ACPI: PCI Root Bridge [PCI0] (domain 0000 [bus 00-ff])
[    0.471270] acpi PNP0A03:00: _OSC: OS supports [ASPM ClockPM Segments MSI]
[    0.472899] acpi PNP0A03:00: _OSC: not requesting OS control; OS requires [ExtendedConfig ASPM ClockPM MSI]
[    0.474903] acpi PNP0A03:00: fail to add MMCONFIG information, can't access extended PCI configuration space under this bridge.
[    0.477318] PCI host bridge to bus 0000:00
[    0.478179] pci_bus 0000:00: root bus resource [io  0x0000-0x0cf7 window]
[    0.479458] pci_bus 0000:00: root bus resource [io  0x0d00-0xffff window]
[    0.480728] pci_bus 0000:00: root bus resource [mem 0x000a0000-0x000bffff window]
[    0.482302] pci_bus 0000:00: root bus resource [mem 0x80000000-0xfdffffff window]
[    0.483924] pci_bus 0000:00: root bus resource [bus 00-ff]
[    0.486815] pci 0000:00:01.1: legacy IDE quirk: reg 0x10: [io  0x01f0-0x01f7]
[    0.488099] pci 0000:00:01.1: legacy IDE quirk: reg 0x14: [io  0x03f6]
[    0.489340] pci 0000:00:01.1: legacy IDE quirk: reg 0x18: [io  0x0170-0x0177]
[    0.490646] pci 0000:00:01.1: legacy IDE quirk: reg 0x1c: [io  0x0376]
[    0.525200] pci 0000:00:07.0: quirk: [io  0x4000-0x403f] claimed by PIIX4 ACPI
[    0.527639] pci 0000:00:07.0: quirk: [io  0x4100-0x410f] claimed by PIIX4 SMB
[    0.564643] ACPI: PCI Interrupt Link [LNKA] (IRQs 5 9 10 *11)
[    0.567231] ACPI: PCI Interrupt Link [LNKB] (IRQs 5 9 *10 11)
[    0.569653] ACPI: PCI Interrupt Link [LNKC] (IRQs 5 *9 10 11)
[    0.571988] ACPI: PCI Interrupt Link [LNKD] (IRQs 5 9 10 *11)
[    0.574443] ACPI: Enabled 2 GPEs in block 00 to 07
[    0.576540] vgaarb: setting as boot device: PCI:0000:00:02.0
[    0.578119] vgaarb: device added: PCI:0000:00:02.0,decodes=io+mem,owns=io+mem,locks=none
[    0.580084] vgaarb: loaded
[    0.580811] vgaarb: bridge control possible 0000:00:02.0
[    0.582103] SCSI subsystem initialized
[    0.583089] ACPI: bus type USB registered
[    0.584018] usbcore: registered new interface driver usbfs
[    0.585169] usbcore: registered new interface driver hub
[    0.586290] usbcore: registered new device driver usb
[    0.587700] PCI: Using ACPI for IRQ routing
[    0.588961] NetLabel: Initializing
[    0.589709] NetLabel:  domain hash size = 128
[    0.590597] NetLabel:  protocols = UNLABELED CIPSOv4
[    0.591721] NetLabel:  unlabeled traffic allowed by default
[    0.593100] amd_nb: Cannot enumerate AMD northbridges
[    0.594193] clocksource: Switched to clocksource kvm-clock
[    0.601772] AppArmor: AppArmor Filesystem Enabled
[    0.602940] pnp: PnP ACPI init
[    0.604446] pnp: PnP ACPI: found 3 devices
[    0.615230] clocksource: acpi_pm: mask: 0xffffff max_cycles: 0xffffff, max_idle_ns: 2085701024 ns
[    0.617118] NET: Registered protocol family 2
[    0.618144] TCP established hash table entries: 16384 (order: 5, 131072 bytes)
[    0.619764] TCP bind hash table entries: 16384 (order: 6, 262144 bytes)
[    0.621009] TCP: Hash tables configured (established 16384 bind 16384)
[    0.622244] UDP hash table entries: 1024 (order: 3, 32768 bytes)
[    0.623432] UDP-Lite hash table entries: 1024 (order: 3, 32768 bytes)
[    0.624642] NET: Registered protocol family 1
[    0.625553] pci 0000:00:00.0: Limiting direct PCI/PCI transfers
[    0.626725] pci 0000:00:01.0: Activating ISA DMA hang workarounds
[    0.628013] Unpacking initramfs...
[    0.827122] Freeing initrd memory: 14828K
[    0.828219] RAPL PMU detected, API unit is 2^-32 Joules, 3 fixed counters 10737418240 ms ovfl timer
[    0.829991] hw unit of domain pp0-core 2^-0 Joules
[    0.831107] hw unit of domain package 2^-0 Joules
[    0.832065] hw unit of domain pp1-gpu 2^-0 Joules
[    0.833057] platform rtc_cmos: registered platform RTC device (no PNP device found)
[    0.834701] Scanning for low memory corruption every 60 seconds
[    0.836371] audit: initializing netlink subsys (disabled)
[    0.837418] audit: type=2000 audit(1558422581.388:1): initialized
[    0.838918] Initialise system trusted keyring
[    0.840097] HugeTLB registered 2 MB page size, pre-allocated 0 pages
[    0.842599] zbud: loaded
[    0.843714] VFS: Disk quotas dquot_6.6.0
[    0.845651] VFS: Dquot-cache hash table entries: 512 (order 0, 4096 bytes)
[    0.847740] squashfs: version 4.0 (2009/01/31) Phillip Lougher
[    0.849230] fuse init (API version 7.23)
[    0.850302] Key type big_key registered
[    0.851191] Allocating IMA MOK and blacklist keyrings.
[    0.853661] Key type asymmetric registered
[    0.854590] Asymmetric key parser 'x509' registered
[    0.855652] Block layer SCSI generic (bsg) driver version 0.4 loaded (major 249)
[    0.857285] io scheduler noop registered
[    0.858153] io scheduler deadline registered (default)
[    0.859309] io scheduler cfq registered
[    0.860229] pci_hotplug: PCI Hot Plug PCI Core version: 0.5
[    0.861293] pciehp: PCI Express Hot Plug Controller Driver version: 0.4
[    0.862664] ACPI: AC Adapter [AC] (on-line)
[    0.863607] input: Power Button as /devices/LNXSYSTM:00/LNXPWRBN:00/input/input0
[    0.865219] ACPI: Power Button [PWRF]
[    0.866122] input: Sleep Button as /devices/LNXSYSTM:00/LNXSLPBN:00/input/input1
[    0.867724] ACPI: Sleep Button [SLPF]
[    0.868735] GHES: HEST is not enabled!
[    0.869722] Serial: 8250/16550 driver, 32 ports, IRQ sharing enabled
[    0.891576] 00:02: ttyS0 at I/O 0x3f8 (irq = 4, base_baud = 115200) is a 16550A
[    0.895907] Linux agpgart interface v0.103
[    0.899216] loop: module loaded
[    0.900538] scsi host0: ata_piix
[    0.901432] scsi host1: ata_piix
[    0.902213] ata1: PATA max UDMA/33 cmd 0x1f0 ctl 0x3f6 bmdma 0xd000 irq 14
[    0.903541] ata2: PATA max UDMA/33 cmd 0x170 ctl 0x376 bmdma 0xd008 irq 15
[    0.906253] libphy: Fixed MDIO Bus: probed
[    0.907480] tun: Universal TUN/TAP device driver, 1.6
[    0.908484] tun: (C) 1999-2004 Max Krasnyansky <maxk@qualcomm.com>
[    0.909747] PPP generic driver version 2.4.2
[    0.910841] ehci_hcd: USB 2.0 'Enhanced' Host Controller (EHCI) Driver
[    0.912066] ehci-pci: EHCI PCI platform driver
[    0.912987] ehci-platform: EHCI generic platform driver
[    0.914002] ohci_hcd: USB 1.1 'Open' Host Controller (OHCI) Driver
[    0.915256] ohci-pci: OHCI PCI platform driver
[    0.916182] ohci-platform: OHCI generic platform driver
[    0.917249] uhci_hcd: USB Universal Host Controller Interface driver
[    0.918603] i8042: PNP: PS/2 Controller [PNP0303:PS2K,PNP0f03:PS2M] at 0x60,0x64 irq 1,12
[    0.920750] serio: i8042 KBD port at 0x60,0x64 irq 1
[    0.921762] serio: i8042 AUX port at 0x60,0x64 irq 12
[    0.922996] mousedev: PS/2 mouse device common for all mice
[    0.924498] input: AT Translated Set 2 keyboard as /devices/platform/i8042/serio0/input/input2
[    0.926603] rtc_cmos rtc_cmos: rtc core: registered rtc_cmos as rtc0
[    0.928063] rtc_cmos rtc_cmos: alarms up to one day, 114 bytes nvram
[    0.929629] i2c /dev entries driver
[    0.930749] device-mapper: uevent: version 1.0.3
[    0.932050] device-mapper: ioctl: 4.34.0-ioctl (2015-10-28) initialised: dm-devel@redhat.com
[    0.934342] ledtrig-cpu: registered to indicate activity on CPUs
[    0.936839] NET: Registered protocol family 10
[    0.938397] NET: Registered protocol family 17
[    0.939524] Key type dns_resolver registered
[    0.940701] registered taskstats version 1
[    0.941572] Loading compiled-in X.509 certificates
[    0.943289] Loaded X.509 cert 'Build time autogenerated kernel key: 4dcb2dc2c7cf43e0c20c44384f68683c20294489'
[    0.945200] zswap: loaded using pool lzo/zbud
[    0.948863] Key type trusted registered
[    0.955036] Key type encrypted registered
[    0.955995] AppArmor: AppArmor sha1 policy hashing enabled
[    0.957129] ima: No TPM chip found, activating TPM-bypass!
[    0.958219] ima: Allocated hash algorithm: sha1
[    0.959266] evm: HMAC attrs: 0x1
[    0.960509]   Magic number: 3:927:167
[    0.961519] acpi PNP0000:00: hash matches
[    0.962641] rtc_cmos rtc_cmos: setting system clock to 2019-05-21 07:09:36 UTC (1558422576)
[    0.964824] BIOS EDD facility v0.16 2004-Jun-25, 0 devices found
[    0.966160] EDD information not available.
[    1.064123] Freeing unused kernel memory: 1484K
[    1.065212] Write protecting the kernel read-only data: 14336k
[    1.067082] Freeing unused kernel memory: 1620K
[    1.069008] Freeing unused kernel memory: 68K
Loading, please wait...
starting version 229
[    1.086697] random: systemd-udevd: uninitialized urandom read (16 bytes read, 2 bits of entropy available)
[    1.087538] random: udevadm: uninitialized urandom read (16 bytes read, 2 bits of entropy available)
[    1.087566] random: udevadm: uninitialized urandom read (16 bytes read, 2 bits of entropy available)
[    1.098204] random: udevadm: uninitialized urandom read (16 bytes read, 2 bits of entropy available)
[    1.098253] random: udevadm: uninitialized urandom read (16 bytes read, 2 bits of entropy available)
[    1.098416] random: udevadm: uninitialized urandom read (16 bytes read, 2 bits of entropy available)
[    1.098479] random: udevadm: uninitialized urandom read (16 bytes read, 2 bits of entropy available)
[    1.098540] random: udevadm: uninitialized urandom read (16 bytes read, 2 bits of entropy available)
[    1.098600] random: udevadm: uninitialized urandom read (16 bytes read, 2 bits of entropy available)
[    1.098663] random: udevadm: uninitialized urandom read (16 bytes read, 2 bits of entropy available)
[    1.162757] e1000: Intel(R) PRO/1000 Network Driver - version 7.3.21-k8-NAPI
[    1.164243] e1000: Copyright (c) 1999-2006 Intel Corporation.
[    1.166893] Fusion MPT base driver 3.04.20
[    1.169664] Copyright (c) 1999-2008 LSI Corporation
[    1.185104] AVX version of gcm_enc/dec engaged.
[    1.186288] AES CTR mode by8 optimization enabled
[    1.204113] Fusion MPT SPI Host driver 3.04.20
[    1.363539] input: ImExPS/2 Generic Explorer Mouse as /devices/platform/i8042/serio1/input/input4
[    1.537599] e1000 0000:00:03.0 eth0: (PCI:33MHz:32-bit) 02:6d:cd:79:6e:19
[    1.540208] e1000 0000:00:03.0 eth0: Intel(R) PRO/1000 Network Connection
[    1.542111] mptbase: ioc0: Initiating bringup
[    2.418392] tsc: Refined TSC clocksource calibration: 2992.584 MHz
[    2.420828] clocksource: tsc: mask: 0xffffffffffffffff max_cycles: 0x2b22e7985c0, max_idle_ns: 440795208493 ns
[    2.456621] ioc0: LSI53C1030 A0: Capabilities={Initiator}
[    2.679093] scsi host2: ioc0: LSI53C1030 A0, FwRev=00000000h, Ports=1, MaxQ=256, IRQ=20
[    2.817088] scsi 2:0:0:0: Direct-Access     VBOX     HARDDISK         1.0  PQ: 0 ANSI: 5
[    2.821383] scsi target2:0:0: Beginning Domain Validation
[    2.826829] scsi target2:0:0: Domain Validation skipping write tests
[    2.828685] scsi target2:0:0: Ending Domain Validation
[    2.829801] scsi target2:0:0: asynchronous
[    2.832131] scsi 2:0:1:0: Direct-Access     VBOX     HARDDISK         1.0  PQ: 0 ANSI: 5
[    2.834619] scsi target2:0:1: Beginning Domain Validation
[    2.848616] scsi target2:0:1: Domain Validation skipping write tests
[    2.849922] scsi target2:0:1: Ending Domain Validation
[    2.851101] scsi target2:0:1: asynchronous
[    2.867258] sd 2:0:0:0: Attached scsi generic sg0 type 0
[    2.869828] sd 2:0:0:0: [sda] 20971520 512-byte logical blocks: (10.7 GB/10.0 GiB)
[    2.872687] sd 2:0:1:0: Attached scsi generic sg1 type 0
[    2.874564] sd 2:0:0:0: [sda] Write Protect is off
[    2.875901] sd 2:0:1:0: [sdb] 20480 512-byte logical blocks: (10.5 MB/10.0 MiB)
[    2.877706] sd 2:0:0:0: [sda] Incomplete mode parameter data
[    2.878892] sd 2:0:0:0: [sda] Assuming drive cache: write through
[    2.880319] sd 2:0:1:0: [sdb] Write Protect is off
[    2.881849] sd 2:0:1:0: [sdb] Incomplete mode parameter data
[    2.883084] sd 2:0:1:0: [sdb] Assuming drive cache: write through
[    2.885451]  sda: sda1
[    2.887066] sd 2:0:0:0: [sda] Attached SCSI disk
[    2.888892] sd 2:0:1:0: [sdb] Attached SCSI disk
[    3.180274] e1000 0000:00:08.0 eth1: (PCI:33MHz:32-bit) 08:00:27:f5:3c:ac
[    3.181748] e1000 0000:00:08.0 eth1: Intel(R) PRO/1000 Network Connection
[    3.184115] e1000 0000:00:08.0 enp0s8: renamed from eth1
[    3.198471] e1000 0000:00:03.0 enp0s3: renamed from eth0
Begin: Loading essential drivers ... [    4.568030] md: linear personality registered for level -1
[    4.573249] md: multipath personality registered for level -4
[    4.577096] md: raid0 personality registered for level 0
[    4.581956] md: raid1 personality registered for level 1
[    4.658362] raid6: sse2x1   gen()  8034 MB/s
[    4.727432] raid6: sse2x1   xor()  6636 MB/s
[    4.797459] raid6: sse2x2   gen() 11025 MB/s
[    4.867488] raid6: sse2x2   xor()  7513 MB/s
[    4.937379] raid6: sse2x4   gen() 12998 MB/s
[    5.007590] raid6: sse2x4   xor()  9297 MB/s
[    5.008541] raid6: using algorithm sse2x4 gen() 12998 MB/s
[    5.009600] raid6: .... xor() 9297 MB/s, rmw enabled
[    5.010665] raid6: using ssse3x2 recovery algorithm
[    5.013647] xor: automatically using best checksumming function:
[    5.054229]    avx       : 20386.000 MB/sec
[    5.056971] async_tx: api initialized (async)
[    5.069246] md: raid6 personality registered for level 6
[    5.070425] md: raid5 personality registered for level 5
[    5.071472] md: raid4 personality registered for level 4
[    5.079537] md: raid10 personality registered for level 10
done.
Begin: Running /scripts/init-premount ... done.
Begin: Mounting root file system ... Begin: Running /scripts/local-top ... done.
Begin: Running /scripts/local-premount ... [    5.117516] Btrfs loaded
Scanning for Btrfs filesystems
done.
Warning: fsck not present, so skipping root file system
[    5.163372] EXT4-fs (sda1): mounted filesystem with ordered data mode. Opts: (null)
done.
Begin: Running /scripts/local-bottom ... done.
Begin: Running /scripts/init-bottom ... done.
[    5.340688] systemd[1]: systemd 229 running in system mode. (+PAM +AUDIT +SELINUX +IMA +APPARMOR +SMACK +SYSVINIT +UTMP +LIBCRYPTSETUP +GCRYPT +GNUTLS +ACL +XZ -LZ4 +SECCOMP +BLKID +ELFUTILS +KMOD -IDN)
[    5.345431] systemd[1]: Detected virtualization oracle.
[    5.346920] systemd[1]: Detected architecture x86-64.

Welcome to [1mUbuntu 16.04.6 LTS[0m!

[    5.363067] systemd[1]: Set hostname to <ubuntu>.
[    5.369668] systemd[1]: Initializing machine ID from random generator.
[    5.371480] systemd[1]: Installed transient /etc/machine-id file.
[    5.565741] systemd[1]: Reached target User and Group Name Lookups.
[[0;32m  OK  [0m] Reached target User and Group Name Lookups.
[    5.578448] systemd[1]: Listening on Device-mapper event daemon FIFOs.
[[0;32m  OK  [0m] Listening on Device-mapper event daemon FIFOs.
[    5.580833] systemd[1]: Listening on LVM2 metadata daemon socket.
[[0;32m  OK  [0m] Listening on LVM2 metadata daemon socket.
[    5.590559] systemd[1]: Listening on Journal Socket (/dev/log).
[[0;32m  OK  [0m] Listening on Journal Socket (/dev/log).
[    5.593542] systemd[1]: Created slice User and Session Slice.
[[0;32m  OK  [0m] Created slice User and Session Slice.
[    5.602495] systemd[1]: Listening on udev Kernel Socket.
[[0;32m  OK  [0m] Listening on udev Kernel Socket.
[    5.606203] systemd[1]: Reached target System Time Synchronized.
[[0;32m  OK  [0m] Reached target System Time Synchronized.
[    5.614537] systemd[1]: Started Forward Password Requests to Wall Directory Watch.
[[0;32m  OK  [0m] Started Forward Password Requests to Wall Directory Watch.
[    5.618774] systemd[1]: Listening on Journal Audit Socket.
[[0;32m  OK  [0m] Listening on Journal Audit Socket.
[    5.621821] systemd[1]: Listening on Syslog Socket.
[[0;32m  OK  [0m] Listening on Syslog Socket.
[    5.624841] systemd[1]: Created slice System Slice.
[[0;32m  OK  [0m] Created slice System Slice.
[    5.626865] systemd[1]: Created slice system-serial\x2dgetty.slice.
[[0;32m  OK  [0m] Created slice system-serial\x2dgetty.slice.
[    5.629116] systemd[1]: Listening on Journal Socket.
[[0;32m  OK  [0m] Listening on Journal Socket.
[    5.646502] systemd[1]: Starting Load Kernel Modules...
         Starting Load Kernel Modules...
[    5.650368] systemd[1]: Starting Remount Root and Kernel File Systems...
         Starting Remount Root and Kernel File Systems...
[    5.655652] systemd[1]: Starting Journal Service...
         Starting Journal Service...
[    5.660039] systemd[1]: Starting Set console keymap...
[    5.666797] Loading iSCSI transport class v2.0-870.
         [    5.669194] EXT4-fs (sda1): re-mounted. Opts: (null)
Starting Set console keymap...
[    5.672208] systemd[1]: Mounting Huge Pages File System...
         Mounting Huge Pages File System...
[    5.683829] systemd[1]: Starting Nameserver information manager...
[    5.685206] iscsi: registered transport (tcp)
         Starting Nameserver information manager...
[    5.698923] systemd[1]: Starting Create list of required static device nodes for the current kernel...
         Starting Create list of required st... nodes for the current kernel...
[    5.703186] systemd[1]: Starting Monitoring of LVM2 mirrors, snapshots etc. using dmeventd or progress polling...
         Starting Monitoring of LVM2 mirrors... dmeventd or progress polling...
[    5.709991] systemd[1]: Listening on udev Control Socket.
[[0;32m  OK  [0m] Listening on udev Control Socket.
[    5.712581] systemd[1]: Starting Uncomplicated firewall...
         Starting Uncomplicated firewall...
[    5.727145] systemd[1]: Mounting Debug File System...
         Mounting Debug File System...
[    5.730523] systemd[1]: Reached target Encrypted Volumes.
[[0;32m  OK  [0m] Reached target Encrypted Volumes.
[    5.733367] systemd[1]: Reached target Slices.
[[0;32m  OK  [0m] Reached target Slices.
[    5.735181] systemd[1]: Reached target Swap.
[[0;32m  OK  [0m] Reached target Swap.
[    5.742426] iscsi: registered transport (iser)
[    5.746192] systemd[1]: Listening on LVM2 poll daemon socket.
[[0;32m  OK  [0m] Listening on LVM2 poll daemon socket.
[    5.748395] systemd[1]: Started Trigger resolvconf update for networkd DNS.
[[0;32m  OK  [0m] Started Trigger resolvconf update for networkd DNS.
[    5.762417] systemd[1]: Mounting POSIX Message Queue File System...
         Mounting POSIX Message Queue File System...
[    5.770471] systemd[1]: Listening on /dev/initctl Compatibility Named Pipe.
[[0;32m  OK  [0m] Listening on /dev/initctl Compatibility Named Pipe.
[    5.774330] systemd[1]: Set up automount Arbitrary Executable File Formats File System Automount Point.
[[0;32m  OK  [0m] Set up automount Arbitrary Executab...ats File System Automount Point.
[    5.781492] systemd[1]: Mounted Debug File System.
[[0;32m  OK  [0m] Mounted Debug File System.
[    5.783799] systemd[1]: Mounted POSIX Message Queue File System.
[[0;32m  OK  [0m] Mounted POSIX Message Queue File System.
[    5.786407] systemd[1]: Mounted Huge Pages File System.
[[0;32m  OK  [0m] Mounted Huge Pages File System.
[    5.788371] systemd[1]: Started Journal Service.
[[0;32m  OK  [0m] Started Journal Service.
[[0;32m  OK  [0m] Started Load Kernel Modules.
[[0;32m  OK  [0m] Started Remount Root and Kernel File Systems.
[[0;32m  OK  [0m] Started Set console keymap.
[[0;32m  OK  [0m] Started Create list of required sta...ce nodes for the current kernel.
[[0;32m  OK  [0m] Started Uncomplicated firewall.
[[0;32m  OK  [0m] Started Nameserver information manager.
[[0;32m  OK  [0m] Started LVM2 metadata daemon.
         Starting Create Static Device Nodes in /dev...
         Starting Load/Save Random Seed...
         Starting udev Coldplug all Devices...
         Starting Apply Kernel Variables...
         Mounting FUSE Control File System...
         Starting Flush Journal to Persistent Storage...
[[0;32m  OK  [0m] Mounted FUSE Control File System.
[[0;32m  OK  [0m] Started Create Static Device Nodes in /dev.
[[0;32m  OK  [0m] Started Load/Save Random Seed.
[[0;32m  OK  [0m] Started Apply Kernel Variables.
[[0;32m  OK  [0m] Started udev Coldplug all Devices.
[[0;32m  OK  [0m] Started Flush Journal to Persistent Storage.
         Starting udev Kernel Device Manager...
[[0;32m  OK  [0m] Started udev Kernel Device Manager.
[[0;32m  OK  [0m] Started Dispatch Password Requests to Console Directory Watch.
[[0;32m  OK  [0m] Found device /dev/ttyS0.
[[0;32m  OK  [0m] Listening on Load/Save RF Kill Switch Status /dev/rfkill Watch.
[[0;32m  OK  [0m] Started Monitoring of LVM2 mirrors,...ng dmeventd or progress polling.
[[0;32m  OK  [0m] Reached target Local File Systems (Pre).
[[0;32m  OK  [0m] Reached target Local File Systems.
         Starting Commit a transient machine-id on disk...
         Starting Create Volatile Files and Directories...
         Starting Initial cloud-init job (pre-networking)...
         Starting Set console font and keymap...
         Starting LSB: AppArmor initialization...
         Starting Tell Plymouth To Write Out Runtime Data...
[[0;32m  OK  [0m] Started Commit a transient machine-id on disk.
[[0;32m  OK  [0m] Started Create Volatile Files and Directories.
[[0;32m  OK  [0m] Started Tell Plymouth To Write Out Runtime Data.
         Starting Update UTMP about System Boot/Shutdown...
[[0;32m  OK  [0m] Started Update UTMP about System Boot/Shutdown.
[[0;32m  OK  [0m] Started Set console font and keymap.
[[0;32m  OK  [0m] Created slice system-getty.slice.
[[0;32m  OK  [0m] Started LSB: AppArmor initialization.
[    7.510283] cloud-init[620]: Cloud-init v. 18.5-45-g3554ffe8-0ubuntu1~16.04.1 running 'init-local' at Tue, 21 May 2019 07:09:42 +0000. Up 7.14 seconds.
[[0;32m  OK  [0m] Started Initial cloud-init job (pre-networking).
[[0;32m  OK  [0m] Reached target Network (Pre).
         Starting Raise network interfaces...
[[0;32m  OK  [0m] Started Raise network interfaces.
[[0;32m  OK  [0m] Reached target Network.
         Starting Initial cloud-init job (metadata service crawler)...
[    8.849900] cloud-init[948]: Cloud-init v. 18.5-45-g3554ffe8-0ubuntu1~16.04.1 running 'init' at Tue, 21 May 2019 07:09:43 +0000. Up 8.14 seconds.
[    8.851804] cloud-init[948]: ci-info: ++++++++++++++++++++++++++++++++++++++Net device info+++++++++++++++++++++++++++++++++++++++
[    8.853393] cloud-init[948]: ci-info: +--------+-------+----------------------------+---------------+--------+-------------------+
[    8.854917] cloud-init[948]: ci-info: | Device |   Up  |          Address           |      Mask     | Scope  |     Hw-Address    |
[    8.856486] cloud-init[948]: ci-info: +--------+-------+----------------------------+---------------+--------+-------------------+
[    8.858148] cloud-init[948]: ci-info: | enp0s3 |  True |         10.0.2.15          | 255.255.255.0 | global | 02:6d:cd:79:6e:19 |
[    8.860101] cloud-init[948]: ci-info: | enp0s3 |  True | fe80::6d:cdff:fe79:6e19/64 |       .       |  link  | 02:6d:cd:79:6e:19 |
[    8.862579] cloud-init[948]: ci-info: | enp0s8 | False |             .              |       .       |   .    | 08:00:27:f5:3c:ac |
[    8.864102] cloud-init[948]: ci-info: |   lo   |  True |         127.0.0.1          |   255.0.0.0   |  host  |         .         |
[    8.865614] cloud-init[948]: ci-info: |   lo   |  True |          ::1/128           |       .       |  host  |         .         |
[    8.867844] cloud-init[948]: ci-info: +--------+-------+----------------------------+---------------+--------+-------------------+
[    8.869460] cloud-init[948]: ci-info: +++++++++++++++++++++++++++Route IPv4 info++++++++++++++++++++++++++++
[    8.876929] cloud-init[948]: ci-info: +-------+-------------+----------+---------------+-----------+-------+
[    8.878321] cloud-init[948]: ci-info: | Route | Destination | Gateway  |    Genmask    | Interface | Flags |
[    8.879836] cloud-init[948]: ci-info: +-------+-------------+----------+---------------+-----------+-------+
[    8.881040] cloud-init[948]: ci-info: |   0   |   0.0.0.0   | 10.0.2.2 |    0.0.0.0    |   enp0s3  |   UG  |
[    8.894154] cloud-init[948]: ci-info: |   1   |   10.0.2.0  | 0.0.0.0  | 255.255.255.0 |   enp0s3  |   U   |
[    8.900684] cloud-init[948]: ci-info: +-------+-------------+----------+---------------+-----------+-------+
[    8.902132] cloud-init[948]: ci-info: +++++++++++++++++++Route IPv6 info+++++++++++++++++++
[    8.903329] cloud-init[948]: ci-info: +-------+-------------+---------+-----------+-------+
[    8.904434] cloud-init[948]: ci-info: | Route | Destination | Gateway | Interface | Flags |
[    8.905715] cloud-init[948]: ci-info: +-------+-------------+---------+-----------+-------+
[    8.906836] cloud-init[948]: ci-info: |   0   |  fe80::/64  |    ::   |   enp0s3  |   U   |
[    8.907799] cloud-init[948]: ci-info: |   3   |   ff00::/8  |    ::   |   enp0s3  |   U   |
[[0;32m  OK  [0m] Started Initial cloud-init job (metadata service crawler).
[    8.921168] cloud-init[948]: ci-info: +-------+-------------+---------+-----------+-------+
[    8.928326] [[0;32m  OK  [0m] Reached target System Initialization.
[[0;32m  OK  [0m] Listening on ACPID Listen Socket.
         Starting Socket activation for snappy daemon.
cloud-init[948]: Generating public/private rsa key pair.
[    8.931128] cloud-init[948]: Your identification has been saved in /etc/ssh/ssh_host_rsa_key.
[    8.932446] [[0;32m  OK  [0m] Started ACPI Events Check.
[[0;32m  OK  [0m] Reached target Paths.
cloud-init[948]: Your public key has been saved in /etc/ssh/ssh_host_rsa_key.pub.
[    8.934837]          Starting LXD - unix socket.
[[0;32m  OK  [0m] Listening on D-Bus System Message Bus Socket.
[[0;32m  OK  [0m] Listening on UUID daemon activation socket.
[[0;32m  OK  [0m] Started Daily apt download activities.
[[0;32m  OK  [0m] Started Daily apt upgrade and clean activities.
[[0;32m  OK  [0m] Started Daily Cleanup of Temporary Directories.
[[0;32m  OK  [0m] Reached target Timers.
[[0;32m  OK  [0m] Reached target Network is Online.
cloud-init[948]: The key fingerprint is:
[    8.940518] cloud-init[948]: SHA256:LEHUI8ME0bSiLB+vH23NgwSfc+Mr8Pq7gywHZhVC9ng root@ubuntu-xenial
[    8.941919] cloud-init[948]: The key's randomart image is:
[    8.948270]          Starting iSCSI initiator daemon (iscsid)...
[[0;32m  OK  [0m] Reached target Cloud-config availability.
cloud-init[948]: +---[RSA 2048]----+[[0;32m  OK  [0m] Listening on Socket activation for snappy daemon.
[[0;32m  OK  [0m] Listening on LXD - unix socket.

[    8.951276] [[0;32m  OK  [0m] Reached target Sockets.
[[0;32m  OK  [0m] Reached target Basic System.
         Starting /etc/rc.local Compatibility...
cloud-init[948]:          Starting Pollinate to seed the pseudo random number generator...
         Starting LSB: MD monitoring daemon...
         Starting Accounts Service...
| .o oO=.         |
[[0;32m  OK  [0m] Started ACPI event daemon.
[    8.969962] cloud-init[948]: | ..o..=.o        |
[    8.971834] [[0;32m  OK  [0m] Started D-Bus System Message Bus.
cloud-init[948]: |  ..E.oo .       |
[    8.976597] cloud-init[948]: | . o.+ +         |
[    8.977853] cloud-init[948]: |. +.  * S        |
[    8.978568] cloud-init[948]: | o+o.o O .       |
[    8.979339] cloud-init[948]: | o.oo++ =        |
[    8.988412] cloud-init[948]: |  ..+o+  o       |
[    8.989860] cloud-init[948]: |  .+oo+=.        |
[    8.990888] cloud-init[948]: +----[SHA256]-----+
[    8.996456] cloud-init[948]: Generating public/private dsa key pair.
[    8.997632] cloud-init[948]: Your identification has been saved in /etc/ssh/ssh_host_dsa_key.
[    9.004245] cloud-init[948]: Your public key has been saved in /etc/ssh/ssh_host_dsa_key.pub.
[    9.005489] cloud-init[948]: The key fingerprint is:
[    9.012314] cloud-init[948]: SHA256:AWd18KqfX5EpFyqXumWLt2c+oyBm0NSmlGxLz18IUUY root@ubuntu-xenial
[    9.013530] cloud-init[948]: The key's randomart image is:
[    9.020607] cloud-init[948]: +---[DSA 1024]----+
         Starting Login Service...
[    9.030121] cloud-init[948]: |      . o.++E    |
[[0;32m  OK  [0m] Started FUSE filesystem for LXC.
[    9.030890] cloud-init[948]: |       = o =     |
[    9.032556]          Starting System Logging Service...
cloud-init[948]: |        O + . .  |
[    9.033818] [[0;32m  OK  [0m] Started Deferred execution scheduler.
cloud-init[948]: |       * B o + + |
[    9.035000] cloud-init[948]: |      . S = * *  |
[    9.035600] cloud-init[948]: |       . . = + . |
[    9.036195] cloud-init[948]: |        = o + .  |
[    9.036850] cloud-init[948]: |       o o B.o=  |
[    9.038587] cloud-init[948]: |          =o=*.o |
         Starting Snappy daemon...
[    9.040904] cloud-init[948]: +----[SHA256]-----+
[    9.049021]          cloud-initStarting LSB: Record successful boot for GRUB...[948]: 
Generating public/private ecdsa key pair.
[    9.050513] cloud-init         Starting Virtualbox guest utils...
[948]: Your identification has been saved in /etc/ssh/ssh_host_ecdsa_key.
[    9.053544] cloud-init[948]: Your public key has been saved in /etc/ssh/ssh_host_ecdsa_key.pub.
[[0;32m  OK  [0m] Started Regular background program processing daemon.
[    9.054565] cloud-init[948]: The key fingerprint is:         Starting LXD - container startup/shutdown...
[[0;32m  OK  [0m] Started /etc/rc.local Compatibility.

[    9.073099] cloud-init[948]: SHA256:mz/Sl6odmxnDjJXYzDwmJjf4uv9bM7CQmwh+66g9XLA root@ubuntu-xenial
[    9.074420] cloud-init[948]: The key's randomart image is:
[    9.075211] cloud-init[948]: +---[ECDSA 256]---+
[    9.075992] cloud-init[948]: |                 |
[    9.076600] cloud-init[948]: |                 |
[    9.077490] cloud-init[948]: |                 |
[    9.078474] cloud-init[948]: |    .  . B .     |
[    9.079557] cloud-init[948]: |    .oo S @      |
[    9.080930] cloud-init[948]: |   .E..* # +     |
[    9.089163] cloud-init[948]: |   ...o B.B +.   |
[    9.090667] cloud-init[948]: |   .oo o.ooOoo   |
[    9.091584] cloud-init[948]: |  ..oo=oo+X=     |
[    9.092555] cloud-init[948]: +----[SHA256]-----+
[    9.094597] cloud-init[948]: Generating public/private ed25519 key pair.
[    9.095891] cloud-init[948]: Your identification has been saved in /etc/ssh/ssh_host_ed25519_key.
[    9.098612] cloud-init[948]: Your public key has been saved in /etc/ssh/ssh_host_ed25519_key.pub.
[    9.104513] cloud-init[948]: The key fingerprint is:
[[0;32m  OK  [0m] Started iSCSI initiator daemon (iscsid).
[    9.113110] cloud-init[948]: SHA256:n0jMTvIhyQ8pa+wIswqWY6p3xLR2Go0pTp3pcTrTB+M root@ubuntu-xenial
[    9.118740] cloud-init[948]: The key's randomart image is:
[    9.120638] cloud-init[948]: +--[ED25519 256]--+
[    9.122194] cloud-init[948]: |                 |
[[0;32m  OK  [0m] Started System Logging Service.
[    9.126653] cloud-init[948]: |                 |
[    9.134694] cloud-init[948]: |                 |
[    9.135831] cloud-init[948]: |    .. =         |
[    9.144622] cloud-init[948]: |   +.BB S        |
[    9.148529] cloud-init[948]: |  +.&o*X + .     |
[[0;32m  OK  [0m] Started Login Service.
[[    9.153839] [0;32m  OK  [0mcloud-init] [948]: Started LSB: MD monitoring daemon.|+B =+X o= o      |

[    9.163164] cloud-init[948]: |=+++B E .        |
[    9.168525] cloud-init[948]: |B....o .         |
[    9.169783] cloud-init[948]: +----[SHA256]-----+
[[0;32m  OK  [0m] Started Unattended Upgrades Shutdown.
         Starting Authenticate and Authorize Users to Run Privileged Tasks...
         Starting Login to default iSCSI targets...
[[0;32m  OK  [0m] Started LSB: Record successful boot for GRUB.
[[0;32m  OK  [0m] Started Authenticate and Authorize Users to Run Privileged Tasks.
[[0;32m  OK  [0m] Started Login to default iSCSI targets.
[[0;32m  OK  [0m] Started Accounts Service.
[[0;32m  OK  [0m] Reached target Remote File Systems (Pre).
[[0;32m  OK  [0m] Reached target Remote File Systems.
         Starting LSB: Set the CPU Frequency Scaling governor to "ondemand"...
         Starting LSB: daemon to balance interrupts for SMP systems...
         Starting LSB: automatic crash report generation...
         Starting Permit User Sessions...
[[0;32m  OK  [0m] Started Permit User Sessions.
         Starting Terminate Plymouth Boot Screen...
         Starting Hold until boot process finishes up...
[[0;32m  OK  [0m] Started Virtualbox guest utils.
[[0;32m  OK  [0m] Started Hold until boot process finishes up.
[[0;32m  OK  [0m] Started Terminate Plymouth Boot Screen.
         Starting Set console scheme...
[[0;32m  OK  [0m] Started Getty on tty1.
[[0;32m  OK  [0m] Started Serial Getty on ttyS0.
[[0;32m  OK  [0m] Reached target Login Prompts.
[[0;32m  OK  [0m] Started LSB: Set the CPU Frequency Scaling governor to "ondemand".
[[0;32m  OK  [0m] Started LSB: daemon to balance interrupts for SMP systems.
[[0;32m  OK  [0m] Started LSB: automatic crash report generation.
[[0;32m  OK  [0m] Started Set console scheme.
[[0;32m  OK  [0m] Started LXD - container startup/shutdown.
[[0;32m  OK  [0m] Started Snappy daemon.
         Starting Wait until snapd is fully seeded...
[[0;32m  OK  [0m] Started Pollinate to seed the pseudo random number generator.
         Starting OpenBSD Secure Shell server...
[[0;32m  OK  [0m] Started OpenBSD Secure Shell server.
[[0;32m  OK  [0m] Created slice User Slice of vagrant.
         Starting User Manager for UID 1000...
[[0;32m  OK  [0m] Started Session 1 of user vagrant.
[[0;32m  OK  [0m] Started User Manager for UID 1000.
[[0;32m  OK  [0m] Started Wait until snapd is fully seeded.
         Starting Apply the settings specified in cloud-config...
[[0;32m  OK  [0m] Reached target Multi-User System.
[[0;32m  OK  [0m] Reached target Graphical Interface.
         Starting Update UTMP about System Runlevel Changes...
[[0;32m  OK  [0m] Started Update UTMP about System Runlevel Changes.
[   13.023660] cloud-init[1355]: Generating locales (this might take a while)...
[   13.785565] cloud-init[1355]:   en_US.UTF-8... done
[   13.788236] cloud-init[1355]: Generation complete.
[   14.307689] cloud-init[1355]: Cloud-init v. 18.5-45-g3554ffe8-0ubuntu1~16.04.1 running 'modules:config' at Tue, 21 May 2019 07:09:48 +0000. Up 12.90 seconds.
[[0;32m  OK  [0m] Started Apply the settings specified in cloud-config.
         Starting Execute cloud user/final scripts...
ci-info: no authorized ssh keys fingerprints found for user ubuntu.
<14>May 21 07:09:50 ec2: 
<14>May 21 07:09:50 ec2: #############################################################
<14>May 21 07:09:50 ec2: -----BEGIN SSH HOST KEY FINGERPRINTS-----
<14>May 21 07:09:50 ec2: 1024 SHA256:AWd18KqfX5EpFyqXumWLt2c+oyBm0NSmlGxLz18IUUY root@ubuntu-xenial (DSA)
<14>May 21 07:09:50 ec2: 256 SHA256:mz/Sl6odmxnDjJXYzDwmJjf4uv9bM7CQmwh+66g9XLA root@ubuntu-xenial (ECDSA)
<14>May 21 07:09:50 ec2: 256 SHA256:n0jMTvIhyQ8pa+wIswqWY6p3xLR2Go0pTp3pcTrTB+M root@ubuntu-xenial (ED25519)
<14>May 21 07:09:50 ec2: 2048 SHA256:LEHUI8ME0bSiLB+vH23NgwSfc+Mr8Pq7gywHZhVC9ng root@ubuntu-xenial (RSA)
<14>May 21 07:09:50 ec2: -----END SSH HOST KEY FINGERPRINTS-----
<14>May 21 07:09:50 ec2: #############################################################
-----BEGIN SSH HOST KEY KEYS-----
ecdsa-sha2-nistp256 AAAAE2VjZHNhLXNoYTItbmlzdHAyNTYAAAAIbmlzdHAyNTYAAABBBKeU8q8uSRPr7fO/ocy0HyQvcVnq2sptAWCeIyuoZ2Ez1YN1zpdoHhGp4bDsSAM8DFyp65UN4P0OzRMi7MptJUs= root@ubuntu-xenial
ssh-ed25519 AAAAC3NzaC1lZDI1NTE5AAAAIHKYOszo3TJ6fm7cK4eBzZW9TmYdjQazI1Fp5RoRxWun root@ubuntu-xenial
ssh-rsa AAAAB3NzaC1yc2EAAAADAQABAAABAQDCjeyNCmZ8Rjg1kPBbySONzrETO/7AyL4E310BMpCES5uqNR5js3KRBkGPQ9TfyTPxc8/ETcQII0cln0ROx83i/Dyp/C+g41ye+aFDj8txzqGCaTjqN428STVJJ+ZO8ix3Le3TucHkqN1xVvFPU3msn7ueJzxdthJLQkzdu8ILt65IHfmy1UhJehLs/VANbD4OphFbUpWmnghdquMdTgd/DkTIcnWsjqhvIAYz3llxQFwbO+mT8Vbs1JvAw64O0gvIivBQZvhS07HG3S0dFtQM+RVKdzH6v8XWa/xWiF06CrajGm3ws4fdf+41CnQp7J3bZc/1ifhBEL6wNTM3u6mV root@ubuntu-xenial
-----END SSH HOST KEY KEYS-----
[   14.829623] cloud-init[1471]: Cloud-init v. 18.5-45-g3554ffe8-0ubuntu1~16.04.1 running 'modules:final' at Tue, 21 May 2019 07:09:50 +0000. Up 14.67 seconds.
[   14.829861] cloud-init[1471]: ci-info: no authorized ssh keys fingerprints found for user ubuntu.
[   14.830299] cloud-init[1471]: Cloud-init v. 18.5-45-g3554ffe8-0ubuntu1~16.04.1 finished at Tue, 21 May 2019 07:09:50 +0000. Datasource DataSourceNoCloud [seed=/dev/sdb][dsmode=net].  Up 14.82 seconds

Ubuntu 16.04.6 LTS ubuntu-xenial ttyS0

ubuntu-xenial login: 